ARM GAS  /tmp/ccl1CtFs.s 			page 1


   1              		.cpu cortex-m3
   2              		.arch armv7-m
   3              		.fpu softvfp
   4              		.eabi_attribute 20, 1
   5              		.eabi_attribute 21, 1
   6              		.eabi_attribute 23, 3
   7              		.eabi_attribute 24, 1
   8              		.eabi_attribute 25, 1
   9              		.eabi_attribute 26, 1
  10              		.eabi_attribute 30, 1
  11              		.eabi_attribute 34, 1
  12              		.eabi_attribute 18, 4
  13              		.file	"stm32f1xx_it.c"
  14              		.text
  15              	.Ltext0:
  16              		.cfi_sections	.debug_frame
  17              		.file 1 "Core/Src/stm32f1xx_it.c"
  18              		.section	.text.NMI_Handler,"ax",%progbits
  19              		.align	1
  20              		.global	NMI_Handler
  21              		.syntax unified
  22              		.thumb
  23              		.thumb_func
  25              	NMI_Handler:
  26              	.LFB65:
   1:Core/Src/stm32f1xx_it.c **** /* USER CODE BEGIN Header */
   2:Core/Src/stm32f1xx_it.c **** /**
   3:Core/Src/stm32f1xx_it.c ****   ******************************************************************************
   4:Core/Src/stm32f1xx_it.c ****   * @file    stm32f1xx_it.c
   5:Core/Src/stm32f1xx_it.c ****   * @brief   Interrupt Service Routines.
   6:Core/Src/stm32f1xx_it.c ****   ******************************************************************************
   7:Core/Src/stm32f1xx_it.c ****   */
   8:Core/Src/stm32f1xx_it.c **** /* USER CODE END Header */
   9:Core/Src/stm32f1xx_it.c **** 
  10:Core/Src/stm32f1xx_it.c **** #include "main.h"
  11:Core/Src/stm32f1xx_it.c **** #include "stm32f1xx_it.h"
  12:Core/Src/stm32f1xx_it.c **** 
  13:Core/Src/stm32f1xx_it.c **** /* USER CODE BEGIN EV */
  14:Core/Src/stm32f1xx_it.c **** /* USER CODE END EV */
  15:Core/Src/stm32f1xx_it.c **** 
  16:Core/Src/stm32f1xx_it.c **** /******************************************************************************/
  17:Core/Src/stm32f1xx_it.c **** /*           Cortex-M3 Processor Interruption and Exception Handlers          */
  18:Core/Src/stm32f1xx_it.c **** /******************************************************************************/
  19:Core/Src/stm32f1xx_it.c **** void NMI_Handler(void) { while (1) {} }
  27              		.loc 1 19 24 view -0
  28              		.cfi_startproc
  29              		@ Volatile: function does not return.
  30              		@ args = 0, pretend = 0, frame = 0
  31              		@ frame_needed = 0, uses_anonymous_args = 0
  32              		@ link register save eliminated.
  33              	.L2:
  34              		.loc 1 19 26 view .LVU1
  35              		.loc 1 19 37 view .LVU2
  36              		.loc 1 19 32 view .LVU3
  37 0000 FEE7     		b	.L2
  38              		.cfi_endproc
  39              	.LFE65:
ARM GAS  /tmp/ccl1CtFs.s 			page 2


  41              		.section	.text.HardFault_Handler,"ax",%progbits
  42              		.align	1
  43              		.global	HardFault_Handler
  44              		.syntax unified
  45              		.thumb
  46              		.thumb_func
  48              	HardFault_Handler:
  49              	.LFB66:
  20:Core/Src/stm32f1xx_it.c **** void HardFault_Handler(void) { while (1) {} }
  50              		.loc 1 20 30 view -0
  51              		.cfi_startproc
  52              		@ Volatile: function does not return.
  53              		@ args = 0, pretend = 0, frame = 0
  54              		@ frame_needed = 0, uses_anonymous_args = 0
  55              		@ link register save eliminated.
  56              	.L4:
  57              		.loc 1 20 32 view .LVU5
  58              		.loc 1 20 43 view .LVU6
  59              		.loc 1 20 38 view .LVU7
  60 0000 FEE7     		b	.L4
  61              		.cfi_endproc
  62              	.LFE66:
  64              		.section	.text.MemManage_Handler,"ax",%progbits
  65              		.align	1
  66              		.global	MemManage_Handler
  67              		.syntax unified
  68              		.thumb
  69              		.thumb_func
  71              	MemManage_Handler:
  72              	.LFB67:
  21:Core/Src/stm32f1xx_it.c **** void MemManage_Handler(void) { while (1) {} }
  73              		.loc 1 21 30 view -0
  74              		.cfi_startproc
  75              		@ Volatile: function does not return.
  76              		@ args = 0, pretend = 0, frame = 0
  77              		@ frame_needed = 0, uses_anonymous_args = 0
  78              		@ link register save eliminated.
  79              	.L6:
  80              		.loc 1 21 32 view .LVU9
  81              		.loc 1 21 43 view .LVU10
  82              		.loc 1 21 38 view .LVU11
  83 0000 FEE7     		b	.L6
  84              		.cfi_endproc
  85              	.LFE67:
  87              		.section	.text.BusFault_Handler,"ax",%progbits
  88              		.align	1
  89              		.global	BusFault_Handler
  90              		.syntax unified
  91              		.thumb
  92              		.thumb_func
  94              	BusFault_Handler:
  95              	.LFB68:
  22:Core/Src/stm32f1xx_it.c **** void BusFault_Handler(void) { while (1) {} }
  96              		.loc 1 22 29 view -0
  97              		.cfi_startproc
  98              		@ Volatile: function does not return.
  99              		@ args = 0, pretend = 0, frame = 0
ARM GAS  /tmp/ccl1CtFs.s 			page 3


 100              		@ frame_needed = 0, uses_anonymous_args = 0
 101              		@ link register save eliminated.
 102              	.L8:
 103              		.loc 1 22 31 view .LVU13
 104              		.loc 1 22 42 view .LVU14
 105              		.loc 1 22 37 view .LVU15
 106 0000 FEE7     		b	.L8
 107              		.cfi_endproc
 108              	.LFE68:
 110              		.section	.text.UsageFault_Handler,"ax",%progbits
 111              		.align	1
 112              		.global	UsageFault_Handler
 113              		.syntax unified
 114              		.thumb
 115              		.thumb_func
 117              	UsageFault_Handler:
 118              	.LFB69:
  23:Core/Src/stm32f1xx_it.c **** void UsageFault_Handler(void) { while (1) {} }
 119              		.loc 1 23 31 view -0
 120              		.cfi_startproc
 121              		@ Volatile: function does not return.
 122              		@ args = 0, pretend = 0, frame = 0
 123              		@ frame_needed = 0, uses_anonymous_args = 0
 124              		@ link register save eliminated.
 125              	.L10:
 126              		.loc 1 23 33 view .LVU17
 127              		.loc 1 23 44 view .LVU18
 128              		.loc 1 23 39 view .LVU19
 129 0000 FEE7     		b	.L10
 130              		.cfi_endproc
 131              	.LFE69:
 133              		.section	.text.SVC_Handler,"ax",%progbits
 134              		.align	1
 135              		.global	SVC_Handler
 136              		.syntax unified
 137              		.thumb
 138              		.thumb_func
 140              	SVC_Handler:
 141              	.LFB70:
  24:Core/Src/stm32f1xx_it.c **** void SVC_Handler(void) {}
 142              		.loc 1 24 24 view -0
 143              		.cfi_startproc
 144              		@ args = 0, pretend = 0, frame = 0
 145              		@ frame_needed = 0, uses_anonymous_args = 0
 146              		@ link register save eliminated.
 147              		.loc 1 24 25 view .LVU21
 148 0000 7047     		bx	lr
 149              		.cfi_endproc
 150              	.LFE70:
 152              		.section	.text.DebugMon_Handler,"ax",%progbits
 153              		.align	1
 154              		.global	DebugMon_Handler
 155              		.syntax unified
 156              		.thumb
 157              		.thumb_func
 159              	DebugMon_Handler:
 160              	.LFB71:
ARM GAS  /tmp/ccl1CtFs.s 			page 4


  25:Core/Src/stm32f1xx_it.c **** void DebugMon_Handler(void) {}
 161              		.loc 1 25 29 view -0
 162              		.cfi_startproc
 163              		@ args = 0, pretend = 0, frame = 0
 164              		@ frame_needed = 0, uses_anonymous_args = 0
 165              		@ link register save eliminated.
 166              		.loc 1 25 30 view .LVU23
 167 0000 7047     		bx	lr
 168              		.cfi_endproc
 169              	.LFE71:
 171              		.section	.text.PendSV_Handler,"ax",%progbits
 172              		.align	1
 173              		.global	PendSV_Handler
 174              		.syntax unified
 175              		.thumb
 176              		.thumb_func
 178              	PendSV_Handler:
 179              	.LFB72:
  26:Core/Src/stm32f1xx_it.c **** void PendSV_Handler(void) {}
 180              		.loc 1 26 27 view -0
 181              		.cfi_startproc
 182              		@ args = 0, pretend = 0, frame = 0
 183              		@ frame_needed = 0, uses_anonymous_args = 0
 184              		@ link register save eliminated.
 185              		.loc 1 26 28 view .LVU25
 186 0000 7047     		bx	lr
 187              		.cfi_endproc
 188              	.LFE72:
 190              		.section	.text.SysTick_Handler,"ax",%progbits
 191              		.align	1
 192              		.global	SysTick_Handler
 193              		.syntax unified
 194              		.thumb
 195              		.thumb_func
 197              	SysTick_Handler:
 198              	.LFB73:
  27:Core/Src/stm32f1xx_it.c **** void SysTick_Handler(void) {}
 199              		.loc 1 27 28 view -0
 200              		.cfi_startproc
 201              		@ args = 0, pretend = 0, frame = 0
 202              		@ frame_needed = 0, uses_anonymous_args = 0
 203              		@ link register save eliminated.
 204              		.loc 1 27 29 view .LVU27
 205 0000 7047     		bx	lr
 206              		.cfi_endproc
 207              	.LFE73:
 209              		.text
 210              	.Letext0:
ARM GAS  /tmp/ccl1CtFs.s 			page 5


DEFINED SYMBOLS
                            *ABS*:00000000 stm32f1xx_it.c
     /tmp/ccl1CtFs.s:19     .text.NMI_Handler:00000000 $t
     /tmp/ccl1CtFs.s:25     .text.NMI_Handler:00000000 NMI_Handler
     /tmp/ccl1CtFs.s:42     .text.HardFault_Handler:00000000 $t
     /tmp/ccl1CtFs.s:48     .text.HardFault_Handler:00000000 HardFault_Handler
     /tmp/ccl1CtFs.s:65     .text.MemManage_Handler:00000000 $t
     /tmp/ccl1CtFs.s:71     .text.MemManage_Handler:00000000 MemManage_Handler
     /tmp/ccl1CtFs.s:88     .text.BusFault_Handler:00000000 $t
     /tmp/ccl1CtFs.s:94     .text.BusFault_Handler:00000000 BusFault_Handler
     /tmp/ccl1CtFs.s:111    .text.UsageFault_Handler:00000000 $t
     /tmp/ccl1CtFs.s:117    .text.UsageFault_Handler:00000000 UsageFault_Handler
     /tmp/ccl1CtFs.s:134    .text.SVC_Handler:00000000 $t
     /tmp/ccl1CtFs.s:140    .text.SVC_Handler:00000000 SVC_Handler
     /tmp/ccl1CtFs.s:153    .text.DebugMon_Handler:00000000 $t
     /tmp/ccl1CtFs.s:159    .text.DebugMon_Handler:00000000 DebugMon_Handler
     /tmp/ccl1CtFs.s:172    .text.PendSV_Handler:00000000 $t
     /tmp/ccl1CtFs.s:178    .text.PendSV_Handler:00000000 PendSV_Handler
     /tmp/ccl1CtFs.s:191    .text.SysTick_Handler:00000000 $t
     /tmp/ccl1CtFs.s:197    .text.SysTick_Handler:00000000 SysTick_Handler

NO UNDEFINED SYMBOLS
